SF:lib/main.dart
DA:4,0
DA:5,0
DA:9,2
DA:12,1
DA:14,1
DA:16,1
DA:17,1
DA:26,1
DA:28,1
DA:29,1
DA:37,1
DA:39,1
DA:40,1
DA:41,3
DA:42,1
DA:44,1
DA:45,1
DA:47,1
DA:49,1
DA:50,1
DA:51,1
DA:55,1
DA:56,1
DA:58,1
DA:62,1
DA:63,2
DA:64,2
DA:65,0
DA:66,0
DA:69,1
DA:71,3
DA:72,3
DA:75,2
DA:78,0
DA:81,1
LF:35
LH:30
end_of_record
SF:lib/src/flutter_infinite_dropdown.dart
DA:6,1
DA:7,1
DA:11,1
DA:12,2
DA:50,1
DA:64,1
DA:65,1
DA:73,1
DA:75,1
DA:76,3
DA:77,2
DA:78,3
DA:81,1
DA:83,3
DA:84,2
DA:85,2
DA:86,1
DA:89,1
DA:90,9
DA:92,2
DA:93,2
DA:97,3
DA:98,5
DA:99,3
DA:104,1
DA:105,2
DA:108,1
DA:110,1
DA:111,1
DA:112,1
DA:113,0
DA:114,0
DA:116,1
DA:117,1
DA:119,1
DA:121,2
DA:122,2
DA:123,1
DA:124,6
DA:125,1
DA:126,1
DA:128,1
DA:129,2
DA:130,1
DA:133,1
DA:134,1
DA:135,1
DA:136,1
DA:137,1
DA:138,1
DA:139,7
DA:140,1
DA:141,4
DA:142,2
DA:143,1
DA:144,1
DA:145,1
DA:146,3
DA:150,6
DA:153,1
DA:154,3
DA:165,3
DA:168,2
LF:63
LH:61
end_of_record
